  Pokemon.cpp
C:\Users\Payton\source\repos\WorkspaceMisc\WorkspaceMisc\Characters.h(53,9): warning C4566: character represented by universal-character-name '\u1D49' cannot be represented in the current code page (1252)
C:\Users\Payton\source\repos\WorkspaceMisc\WorkspaceMisc\Characters.h(53,9): warning C4566: character represented by universal-character-name '\u02B3' cannot be represented in the current code page (1252)
C:\Users\Payton\source\repos\WorkspaceMisc\WorkspaceMisc\Characters.h(89,9): warning C4566: character represented by universal-character-name '\u25AF' cannot be represented in the current code page (1252)
C:\Users\Payton\source\repos\WorkspaceMisc\WorkspaceMisc\Characters.h(130,9): warning C4566: character represented by universal-character-name '\u2B06' cannot be represented in the current code page (1252)
C:\Users\Payton\source\repos\WorkspaceMisc\WorkspaceMisc\Characters.h(131,9): warning C4566: character represented by universal-character-name '\u2B07' cannot be represented in the current code page (1252)
C:\Users\Payton\source\repos\WorkspaceMisc\WorkspaceMisc\Characters.h(132,9): warning C4566: character represented by universal-character-name '\u2B05' cannot be represented in the current code page (1252)
C:\Users\Payton\source\repos\WorkspaceMisc\WorkspaceMisc\Characters.h(133,9): warning C4566: character represented by universal-character-name '\u27A1' cannot be represented in the current code page (1252)
C:\Users\Payton\source\repos\WorkspaceMisc\WorkspaceMisc\Characters.h(141,9): warning C4566: character represented by universal-character-name '\u1D49' cannot be represented in the current code page (1252)
C:\Users\Payton\source\repos\WorkspaceMisc\WorkspaceMisc\Characters.h(169,9): warning C4566: character represented by universal-character-name '\u02B3' cannot be represented in the current code page (1252)
C:\Users\Payton\source\repos\WorkspaceMisc\WorkspaceMisc\Characters.h(169,9): warning C4566: character represented by universal-character-name '\u1D49' cannot be represented in the current code page (1252)
C:\Users\Payton\source\repos\WorkspaceMisc\WorkspaceMisc\Characters.h(184,9): warning C4566: character represented by universal-character-name '\u30FB' cannot be represented in the current code page (1252)
C:\Users\Payton\source\repos\WorkspaceMisc\WorkspaceMisc\Characters.h(190,9): warning C4566: character represented by universal-character-name '\u2642' cannot be represented in the current code page (1252)
C:\Users\Payton\source\repos\WorkspaceMisc\WorkspaceMisc\Characters.h(191,9): warning C4566: character represented by universal-character-name '\u2640' cannot be represented in the current code page (1252)
C:\Users\Payton\source\repos\WorkspaceMisc\WorkspaceMisc\Characters.h(248,9): warning C4566: character represented by universal-character-name '\u25B6' cannot be represented in the current code page (1252)
C:\Users\Payton\source\repos\WorkspaceMisc\WorkspaceMisc\Characters.h(260,9): warning C4566: character represented by universal-character-name '\u3042' cannot be represented in the current code page (1252)
C:\Users\Payton\source\repos\WorkspaceMisc\WorkspaceMisc\Characters.h(261,9): warning C4566: character represented by universal-character-name '\u3044' cannot be represented in the current code page (1252)
C:\Users\Payton\source\repos\WorkspaceMisc\WorkspaceMisc\Characters.h(262,9): warning C4566: character represented by universal-character-name '\u3046' cannot be represented in the current code page (1252)
C:\Users\Payton\source\repos\WorkspaceMisc\WorkspaceMisc\Characters.h(263,9): warning C4566: character represented by universal-character-name '\u3048' cannot be represented in the current code page (1252)
C:\Users\Payton\source\repos\WorkspaceMisc\WorkspaceMisc\Characters.h(264,9): warning C4566: character represented by universal-character-name '\u304A' cannot be represented in the current code page (1252)
C:\Users\Payton\source\repos\WorkspaceMisc\WorkspaceMisc\Characters.h(265,9): warning C4566: character represented by universal-character-name '\u304B' cannot be represented in the current code page (1252)
C:\Users\Payton\source\repos\WorkspaceMisc\WorkspaceMisc\Characters.h(266,9): warning C4566: character represented by universal-character-name '\u304D' cannot be represented in the current code page (1252)
C:\Users\Payton\source\repos\WorkspaceMisc\WorkspaceMisc\Characters.h(267,9): warning C4566: character represented by universal-character-name '\u304F' cannot be represented in the current code page (1252)
C:\Users\Payton\source\repos\WorkspaceMisc\WorkspaceMisc\Characters.h(268,9): warning C4566: character represented by universal-character-name '\u3051' cannot be represented in the current code page (1252)
C:\Users\Payton\source\repos\WorkspaceMisc\WorkspaceMisc\Characters.h(269,9): warning C4566: character represented by universal-character-name '\u3053' cannot be represented in the current code page (1252)
C:\Users\Payton\source\repos\WorkspaceMisc\WorkspaceMisc\Characters.h(270,9): warning C4566: character represented by universal-character-name '\u3055' cannot be represented in the current code page (1252)
C:\Users\Payton\source\repos\WorkspaceMisc\WorkspaceMisc\Characters.h(271,9): warning C4566: character represented by universal-character-name '\u3057' cannot be represented in the current code page (1252)
C:\Users\Payton\source\repos\WorkspaceMisc\WorkspaceMisc\Characters.h(272,9): warning C4566: character represented by universal-character-name '\u3059' cannot be represented in the current code page (1252)
C:\Users\Payton\source\repos\WorkspaceMisc\WorkspaceMisc\Characters.h(273,9): warning C4566: character represented by universal-character-name '\u305B' cannot be represented in the current code page (1252)
C:\Users\Payton\source\repos\WorkspaceMisc\WorkspaceMisc\Characters.h(274,9): warning C4566: character represented by universal-character-name '\u305D' cannot be represented in the current code page (1252)
C:\Users\Payton\source\repos\WorkspaceMisc\WorkspaceMisc\Characters.h(275,9): warning C4566: character represented by universal-character-name '\u305F' cannot be represented in the current code page (1252)
C:\Users\Payton\source\repos\WorkspaceMisc\WorkspaceMisc\Characters.h(276,9): warning C4566: character represented by universal-character-name '\u3061' cannot be represented in the current code page (1252)
C:\Users\Payton\source\repos\WorkspaceMisc\WorkspaceMisc\Characters.h(277,9): warning C4566: character represented by universal-character-name '\u3064' cannot be represented in the current code page (1252)
C:\Users\Payton\source\repos\WorkspaceMisc\WorkspaceMisc\Characters.h(278,9): warning C4566: character represented by universal-character-name '\u3066' cannot be represented in the current code page (1252)
C:\Users\Payton\source\repos\WorkspaceMisc\WorkspaceMisc\Characters.h(279,9): warning C4566: character represented by universal-character-name '\u3068' cannot be represented in the current code page (1252)
C:\Users\Payton\source\repos\WorkspaceMisc\WorkspaceMisc\Characters.h(280,9): warning C4566: character represented by universal-character-name '\u306A' cannot be represented in the current code page (1252)
C:\Users\Payton\source\repos\WorkspaceMisc\WorkspaceMisc\Characters.h(281,9): warning C4566: character represented by universal-character-name '\u306B' cannot be represented in the current code page (1252)
C:\Users\Payton\source\repos\WorkspaceMisc\WorkspaceMisc\Characters.h(282,9): warning C4566: character represented by universal-character-name '\u306C' cannot be represented in the current code page (1252)
C:\Users\Payton\source\repos\WorkspaceMisc\WorkspaceMisc\Characters.h(283,9): warning C4566: character represented by universal-character-name '\u306D' cannot be represented in the current code page (1252)
C:\Users\Payton\source\repos\WorkspaceMisc\WorkspaceMisc\Characters.h(284,9): warning C4566: character represented by universal-character-name '\u306E' cannot be represented in the current code page (1252)
C:\Users\Payton\source\repos\WorkspaceMisc\WorkspaceMisc\Characters.h(285,9): warning C4566: character represented by universal-character-name '\u306F' cannot be represented in the current code page (1252)
C:\Users\Payton\source\repos\WorkspaceMisc\WorkspaceMisc\Characters.h(286,9): warning C4566: character represented by universal-character-name '\u3072' cannot be represented in the current code page (1252)
C:\Users\Payton\source\repos\WorkspaceMisc\WorkspaceMisc\Characters.h(287,9): warning C4566: character represented by universal-character-name '\u3075' cannot be represented in the current code page (1252)
C:\Users\Payton\source\repos\WorkspaceMisc\WorkspaceMisc\Characters.h(288,9): warning C4566: character represented by universal-character-name '\u3078' cannot be represented in the current code page (1252)
C:\Users\Payton\source\repos\WorkspaceMisc\WorkspaceMisc\Characters.h(289,9): warning C4566: character represented by universal-character-name '\u307B' cannot be represented in the current code page (1252)
C:\Users\Payton\source\repos\WorkspaceMisc\WorkspaceMisc\Characters.h(290,9): warning C4566: character represented by universal-character-name '\u307E' cannot be represented in the current code page (1252)
C:\Users\Payton\source\repos\WorkspaceMisc\WorkspaceMisc\Characters.h(291,9): warning C4566: character represented by universal-character-name '\u307F' cannot be represented in the current code page (1252)
C:\Users\Payton\source\repos\WorkspaceMisc\WorkspaceMisc\Characters.h(292,9): warning C4566: character represented by universal-character-name '\u3080' cannot be represented in the current code page (1252)
C:\Users\Payton\source\repos\WorkspaceMisc\WorkspaceMisc\Characters.h(293,9): warning C4566: character represented by universal-character-name '\u3081' cannot be represented in the current code page (1252)
C:\Users\Payton\source\repos\WorkspaceMisc\WorkspaceMisc\Characters.h(294,9): warning C4566: character represented by universal-character-name '\u3082' cannot be represented in the current code page (1252)
C:\Users\Payton\source\repos\WorkspaceMisc\WorkspaceMisc\Characters.h(295,9): warning C4566: character represented by universal-character-name '\u3084' cannot be represented in the current code page (1252)
C:\Users\Payton\source\repos\WorkspaceMisc\WorkspaceMisc\Characters.h(296,9): warning C4566: character represented by universal-character-name '\u3086' cannot be represented in the current code page (1252)
C:\Users\Payton\source\repos\WorkspaceMisc\WorkspaceMisc\Characters.h(297,9): warning C4566: character represented by universal-character-name '\u3088' cannot be represented in the current code page (1252)
C:\Users\Payton\source\repos\WorkspaceMisc\WorkspaceMisc\Characters.h(298,9): warning C4566: character represented by universal-character-name '\u3089' cannot be represented in the current code page (1252)
C:\Users\Payton\source\repos\WorkspaceMisc\WorkspaceMisc\Characters.h(299,9): warning C4566: character represented by universal-character-name '\u308A' cannot be represented in the current code page (1252)
C:\Users\Payton\source\repos\WorkspaceMisc\WorkspaceMisc\Characters.h(300,9): warning C4566: character represented by universal-character-name '\u308B' cannot be represented in the current code page (1252)
C:\Users\Payton\source\repos\WorkspaceMisc\WorkspaceMisc\Characters.h(301,9): warning C4566: character represented by universal-character-name '\u308C' cannot be represented in the current code page (1252)
C:\Users\Payton\source\repos\WorkspaceMisc\WorkspaceMisc\Characters.h(302,9): warning C4566: character represented by universal-character-name '\u308D' cannot be represented in the current code page (1252)
C:\Users\Payton\source\repos\WorkspaceMisc\WorkspaceMisc\Characters.h(303,9): warning C4566: character represented by universal-character-name '\u308F' cannot be represented in the current code page (1252)
C:\Users\Payton\source\repos\WorkspaceMisc\WorkspaceMisc\Characters.h(304,9): warning C4566: character represented by universal-character-name '\u3092' cannot be represented in the current code page (1252)
C:\Users\Payton\source\repos\WorkspaceMisc\WorkspaceMisc\Characters.h(305,9): warning C4566: character represented by universal-character-name '\u3093' cannot be represented in the current code page (1252)
C:\Users\Payton\source\repos\WorkspaceMisc\WorkspaceMisc\Characters.h(306,9): warning C4566: character represented by universal-character-name '\u3041' cannot be represented in the current code page (1252)
C:\Users\Payton\source\repos\WorkspaceMisc\WorkspaceMisc\Characters.h(307,9): warning C4566: character represented by universal-character-name '\u3043' cannot be represented in the current code page (1252)
C:\Users\Payton\source\repos\WorkspaceMisc\WorkspaceMisc\Characters.h(308,9): warning C4566: character represented by universal-character-name '\u3045' cannot be represented in the current code page (1252)
C:\Users\Payton\source\repos\WorkspaceMisc\WorkspaceMisc\Characters.h(309,9): warning C4566: character represented by universal-character-name '\u3047' cannot be represented in the current code page (1252)
C:\Users\Payton\source\repos\WorkspaceMisc\WorkspaceMisc\Characters.h(310,9): warning C4566: character represented by universal-character-name '\u3049' cannot be represented in the current code page (1252)
C:\Users\Payton\source\repos\WorkspaceMisc\WorkspaceMisc\Characters.h(311,9): warning C4566: character represented by universal-character-name '\u3083' cannot be represented in the current code page (1252)
C:\Users\Payton\source\repos\WorkspaceMisc\WorkspaceMisc\Characters.h(312,9): warning C4566: character represented by universal-character-name '\u3085' cannot be represented in the current code page (1252)
C:\Users\Payton\source\repos\WorkspaceMisc\WorkspaceMisc\Characters.h(313,9): warning C4566: character represented by universal-character-name '\u3087' cannot be represented in the current code page (1252)
C:\Users\Payton\source\repos\WorkspaceMisc\WorkspaceMisc\Characters.h(314,9): warning C4566: character represented by universal-character-name '\u304C' cannot be represented in the current code page (1252)
C:\Users\Payton\source\repos\WorkspaceMisc\WorkspaceMisc\Characters.h(315,9): warning C4566: character represented by universal-character-name '\u304E' cannot be represented in the current code page (1252)
C:\Users\Payton\source\repos\WorkspaceMisc\WorkspaceMisc\Characters.h(316,9): warning C4566: character represented by universal-character-name '\u3050' cannot be represented in the current code page (1252)
C:\Users\Payton\source\repos\WorkspaceMisc\WorkspaceMisc\Characters.h(317,9): warning C4566: character represented by universal-character-name '\u3052' cannot be represented in the current code page (1252)
C:\Users\Payton\source\repos\WorkspaceMisc\WorkspaceMisc\Characters.h(318,9): warning C4566: character represented by universal-character-name '\u3054' cannot be represented in the current code page (1252)
C:\Users\Payton\source\repos\WorkspaceMisc\WorkspaceMisc\Characters.h(319,9): warning C4566: character represented by universal-character-name '\u3056' cannot be represented in the current code page (1252)
C:\Users\Payton\source\repos\WorkspaceMisc\WorkspaceMisc\Characters.h(320,9): warning C4566: character represented by universal-character-name '\u3058' cannot be represented in the current code page (1252)
C:\Users\Payton\source\repos\WorkspaceMisc\WorkspaceMisc\Characters.h(321,9): warning C4566: character represented by universal-character-name '\u305A' cannot be represented in the current code page (1252)
C:\Users\Payton\source\repos\WorkspaceMisc\WorkspaceMisc\Characters.h(322,9): warning C4566: character represented by universal-character-name '\u305C' cannot be represented in the current code page (1252)
C:\Users\Payton\source\repos\WorkspaceMisc\WorkspaceMisc\Characters.h(323,9): warning C4566: character represented by universal-character-name '\u305E' cannot be represented in the current code page (1252)
C:\Users\Payton\source\repos\WorkspaceMisc\WorkspaceMisc\Characters.h(324,9): warning C4566: character represented by universal-character-name '\u3060' cannot be represented in the current code page (1252)
C:\Users\Payton\source\repos\WorkspaceMisc\WorkspaceMisc\Characters.h(325,9): warning C4566: character represented by universal-character-name '\u3062' cannot be represented in the current code page (1252)
C:\Users\Payton\source\repos\WorkspaceMisc\WorkspaceMisc\Characters.h(326,9): warning C4566: character represented by universal-character-name '\u3065' cannot be represented in the current code page (1252)
C:\Users\Payton\source\repos\WorkspaceMisc\WorkspaceMisc\Characters.h(327,9): warning C4566: character represented by universal-character-name '\u3067' cannot be represented in the current code page (1252)
C:\Users\Payton\source\repos\WorkspaceMisc\WorkspaceMisc\Characters.h(328,9): warning C4566: character represented by universal-character-name '\u3069' cannot be represented in the current code page (1252)
C:\Users\Payton\source\repos\WorkspaceMisc\WorkspaceMisc\Characters.h(329,9): warning C4566: character represented by universal-character-name '\u3070' cannot be represented in the current code page (1252)
C:\Users\Payton\source\repos\WorkspaceMisc\WorkspaceMisc\Characters.h(330,9): warning C4566: character represented by universal-character-name '\u3073' cannot be represented in the current code page (1252)
C:\Users\Payton\source\repos\WorkspaceMisc\WorkspaceMisc\Characters.h(331,9): warning C4566: character represented by universal-character-name '\u3076' cannot be represented in the current code page (1252)
C:\Users\Payton\source\repos\WorkspaceMisc\WorkspaceMisc\Characters.h(332,9): warning C4566: character represented by universal-character-name '\u3079' cannot be represented in the current code page (1252)
C:\Users\Payton\source\repos\WorkspaceMisc\WorkspaceMisc\Characters.h(333,9): warning C4566: character represented by universal-character-name '\u307C' cannot be represented in the current code page (1252)
C:\Users\Payton\source\repos\WorkspaceMisc\WorkspaceMisc\Characters.h(334,9): warning C4566: character represented by universal-character-name '\u3071' cannot be represented in the current code page (1252)
C:\Users\Payton\source\repos\WorkspaceMisc\WorkspaceMisc\Characters.h(335,9): warning C4566: character represented by universal-character-name '\u3074' cannot be represented in the current code page (1252)
C:\Users\Payton\source\repos\WorkspaceMisc\WorkspaceMisc\Characters.h(336,9): warning C4566: character represented by universal-character-name '\u3077' cannot be represented in the current code page (1252)
C:\Users\Payton\source\repos\WorkspaceMisc\WorkspaceMisc\Characters.h(337,9): warning C4566: character represented by universal-character-name '\u307A' cannot be represented in the current code page (1252)
C:\Users\Payton\source\repos\WorkspaceMisc\WorkspaceMisc\Characters.h(338,9): warning C4566: character represented by universal-character-name '\u307D' cannot be represented in the current code page (1252)
C:\Users\Payton\source\repos\WorkspaceMisc\WorkspaceMisc\Characters.h(339,9): warning C4566: character represented by universal-character-name '\u3063' cannot be represented in the current code page (1252)
C:\Users\Payton\source\repos\WorkspaceMisc\WorkspaceMisc\Characters.h(340,9): warning C4566: character represented by universal-character-name '\u30A2' cannot be represented in the current code page (1252)
C:\Users\Payton\source\repos\WorkspaceMisc\WorkspaceMisc\Characters.h(341,9): warning C4566: character represented by universal-character-name '\u30A4' cannot be represented in the current code page (1252)
C:\Users\Payton\source\repos\WorkspaceMisc\WorkspaceMisc\Characters.h(342,9): warning C4566: character represented by universal-character-name '\u30A6' cannot be represented in the current code page (1252)
C:\Users\Payton\source\repos\WorkspaceMisc\WorkspaceMisc\Characters.h(343,9): warning C4566: character represented by universal-character-name '\u30A8' cannot be represented in the current code page (1252)
C:\Users\Payton\source\repos\WorkspaceMisc\WorkspaceMisc\Characters.h(344,9): warning C4566: character represented by universal-character-name '\u30AA' cannot be represented in the current code page (1252)
C:\Users\Payton\source\repos\WorkspaceMisc\WorkspaceMisc\Characters.h(345,9): warning C4566: character represented by universal-character-name '\u30AB' cannot be represented in the current code page (1252)
C:\Users\Payton\source\repos\WorkspaceMisc\WorkspaceMisc\Characters.h(346,9): warning C4566: character represented by universal-character-name '\u30AD' cannot be represented in the current code page (1252)
C:\Users\Payton\source\repos\WorkspaceMisc\WorkspaceMisc\Characters.h(347,9): warning C4566: character represented by universal-character-name '\u30AF' cannot be represented in the current code page (1252)
C:\Users\Payton\source\repos\WorkspaceMisc\WorkspaceMisc\Characters.h(348,9): warning C4566: character represented by universal-character-name '\u30B1' cannot be represented in the current code page (1252)
C:\Users\Payton\source\repos\WorkspaceMisc\WorkspaceMisc\Characters.h(349,9): warning C4566: character represented by universal-character-name '\u30B3' cannot be represented in the current code page (1252)
C:\Users\Payton\source\repos\WorkspaceMisc\WorkspaceMisc\Characters.h(350,9): warning C4566: character represented by universal-character-name '\u30B5' cannot be represented in the current code page (1252)
C:\Users\Payton\source\repos\WorkspaceMisc\WorkspaceMisc\Characters.h(351,9): warning C4566: character represented by universal-character-name '\u30B7' cannot be represented in the current code page (1252)
C:\Users\Payton\source\repos\WorkspaceMisc\WorkspaceMisc\Characters.h(352,9): warning C4566: character represented by universal-character-name '\u30B9' cannot be represented in the current code page (1252)
C:\Users\Payton\source\repos\WorkspaceMisc\WorkspaceMisc\Characters.h(353,9): warning C4566: character represented by universal-character-name '\u30BB' cannot be represented in the current code page (1252)
C:\Users\Payton\source\repos\WorkspaceMisc\WorkspaceMisc\Characters.h(354,9): warning C4566: character represented by universal-character-name '\u30BD' cannot be represented in the current code page (1252)
C:\Users\Payton\source\repos\WorkspaceMisc\WorkspaceMisc\Characters.h(355,9): warning C4566: character represented by universal-character-name '\u30BF' cannot be represented in the current code page (1252)
C:\Users\Payton\source\repos\WorkspaceMisc\WorkspaceMisc\Characters.h(356,9): warning C4566: character represented by universal-character-name '\u30C1' cannot be represented in the current code page (1252)
C:\Users\Payton\source\repos\WorkspaceMisc\WorkspaceMisc\Characters.h(357,9): warning C4566: character represented by universal-character-name '\u30C4' cannot be represented in the current code page (1252)
C:\Users\Payton\source\repos\WorkspaceMisc\WorkspaceMisc\Characters.h(358,9): warning C4566: character represented by universal-character-name '\u30C6' cannot be represented in the current code page (1252)
C:\Users\Payton\source\repos\WorkspaceMisc\WorkspaceMisc\Characters.h(359,9): warning C4566: character represented by universal-character-name '\u30C8' cannot be represented in the current code page (1252)
C:\Users\Payton\source\repos\WorkspaceMisc\WorkspaceMisc\Characters.h(360,9): warning C4566: character represented by universal-character-name '\u30CA' cannot be represented in the current code page (1252)
C:\Users\Payton\source\repos\WorkspaceMisc\WorkspaceMisc\Characters.h(361,9): warning C4566: character represented by universal-character-name '\u30CB' cannot be represented in the current code page (1252)
C:\Users\Payton\source\repos\WorkspaceMisc\WorkspaceMisc\Characters.h(362,9): warning C4566: character represented by universal-character-name '\u30CC' cannot be represented in the current code page (1252)
C:\Users\Payton\source\repos\WorkspaceMisc\WorkspaceMisc\Characters.h(363,9): warning C4566: character represented by universal-character-name '\u30CD' cannot be represented in the current code page (1252)
C:\Users\Payton\source\repos\WorkspaceMisc\WorkspaceMisc\Characters.h(364,9): warning C4566: character represented by universal-character-name '\u30CE' cannot be represented in the current code page (1252)
C:\Users\Payton\source\repos\WorkspaceMisc\WorkspaceMisc\Characters.h(365,9): warning C4566: character represented by universal-character-name '\u30CF' cannot be represented in the current code page (1252)
C:\Users\Payton\source\repos\WorkspaceMisc\WorkspaceMisc\Characters.h(366,9): warning C4566: character represented by universal-character-name '\u30D2' cannot be represented in the current code page (1252)
C:\Users\Payton\source\repos\WorkspaceMisc\WorkspaceMisc\Characters.h(367,9): warning C4566: character represented by universal-character-name '\u30D5' cannot be represented in the current code page (1252)
C:\Users\Payton\source\repos\WorkspaceMisc\WorkspaceMisc\Characters.h(368,9): warning C4566: character represented by universal-character-name '\u30D8' cannot be represented in the current code page (1252)
C:\Users\Payton\source\repos\WorkspaceMisc\WorkspaceMisc\Characters.h(369,9): warning C4566: character represented by universal-character-name '\u30DB' cannot be represented in the current code page (1252)
C:\Users\Payton\source\repos\WorkspaceMisc\WorkspaceMisc\Characters.h(370,9): warning C4566: character represented by universal-character-name '\u30DE' cannot be represented in the current code page (1252)
C:\Users\Payton\source\repos\WorkspaceMisc\WorkspaceMisc\Characters.h(371,9): warning C4566: character represented by universal-character-name '\u30DF' cannot be represented in the current code page (1252)
C:\Users\Payton\source\repos\WorkspaceMisc\WorkspaceMisc\Characters.h(372,9): warning C4566: character represented by universal-character-name '\u30E0' cannot be represented in the current code page (1252)
C:\Users\Payton\source\repos\WorkspaceMisc\WorkspaceMisc\Characters.h(373,9): warning C4566: character represented by universal-character-name '\u30E1' cannot be represented in the current code page (1252)
C:\Users\Payton\source\repos\WorkspaceMisc\WorkspaceMisc\Characters.h(374,9): warning C4566: character represented by universal-character-name '\u30E2' cannot be represented in the current code page (1252)
C:\Users\Payton\source\repos\WorkspaceMisc\WorkspaceMisc\Characters.h(375,9): warning C4566: character represented by universal-character-name '\u30E4' cannot be represented in the current code page (1252)
C:\Users\Payton\source\repos\WorkspaceMisc\WorkspaceMisc\Characters.h(376,9): warning C4566: character represented by universal-character-name '\u30E6' cannot be represented in the current code page (1252)
C:\Users\Payton\source\repos\WorkspaceMisc\WorkspaceMisc\Characters.h(377,9): warning C4566: character represented by universal-character-name '\u30E8' cannot be represented in the current code page (1252)
C:\Users\Payton\source\repos\WorkspaceMisc\WorkspaceMisc\Characters.h(378,9): warning C4566: character represented by universal-character-name '\u30E9' cannot be represented in the current code page (1252)
C:\Users\Payton\source\repos\WorkspaceMisc\WorkspaceMisc\Characters.h(379,9): warning C4566: character represented by universal-character-name '\u30EA' cannot be represented in the current code page (1252)
C:\Users\Payton\source\repos\WorkspaceMisc\WorkspaceMisc\Characters.h(380,9): warning C4566: character represented by universal-character-name '\u30EB' cannot be represented in the current code page (1252)
C:\Users\Payton\source\repos\WorkspaceMisc\WorkspaceMisc\Characters.h(381,9): warning C4566: character represented by universal-character-name '\u30EC' cannot be represented in the current code page (1252)
C:\Users\Payton\source\repos\WorkspaceMisc\WorkspaceMisc\Characters.h(382,9): warning C4566: character represented by universal-character-name '\u30ED' cannot be represented in the current code page (1252)
C:\Users\Payton\source\repos\WorkspaceMisc\WorkspaceMisc\Characters.h(383,9): warning C4566: character represented by universal-character-name '\u30EF' cannot be represented in the current code page (1252)
C:\Users\Payton\source\repos\WorkspaceMisc\WorkspaceMisc\Characters.h(384,9): warning C4566: character represented by universal-character-name '\u30F2' cannot be represented in the current code page (1252)
C:\Users\Payton\source\repos\WorkspaceMisc\WorkspaceMisc\Characters.h(385,9): warning C4566: character represented by universal-character-name '\u30F3' cannot be represented in the current code page (1252)
C:\Users\Payton\source\repos\WorkspaceMisc\WorkspaceMisc\Characters.h(386,9): warning C4566: character represented by universal-character-name '\u30A1' cannot be represented in the current code page (1252)
C:\Users\Payton\source\repos\WorkspaceMisc\WorkspaceMisc\Characters.h(387,9): warning C4566: character represented by universal-character-name '\u30A3' cannot be represented in the current code page (1252)
C:\Users\Payton\source\repos\WorkspaceMisc\WorkspaceMisc\Characters.h(388,9): warning C4566: character represented by universal-character-name '\u30A5' cannot be represented in the current code page (1252)
C:\Users\Payton\source\repos\WorkspaceMisc\WorkspaceMisc\Characters.h(389,9): warning C4566: character represented by universal-character-name '\u30A7' cannot be represented in the current code page (1252)
C:\Users\Payton\source\repos\WorkspaceMisc\WorkspaceMisc\Characters.h(390,9): warning C4566: character represented by universal-character-name '\u30A9' cannot be represented in the current code page (1252)
C:\Users\Payton\source\repos\WorkspaceMisc\WorkspaceMisc\Characters.h(391,9): warning C4566: character represented by universal-character-name '\u30E3' cannot be represented in the current code page (1252)
C:\Users\Payton\source\repos\WorkspaceMisc\WorkspaceMisc\Characters.h(392,9): warning C4566: character represented by universal-character-name '\u30E5' cannot be represented in the current code page (1252)
C:\Users\Payton\source\repos\WorkspaceMisc\WorkspaceMisc\Characters.h(393,9): warning C4566: character represented by universal-character-name '\u30E7' cannot be represented in the current code page (1252)
C:\Users\Payton\source\repos\WorkspaceMisc\WorkspaceMisc\Characters.h(394,9): warning C4566: character represented by universal-character-name '\u30AC' cannot be represented in the current code page (1252)
C:\Users\Payton\source\repos\WorkspaceMisc\WorkspaceMisc\Characters.h(395,9): warning C4566: character represented by universal-character-name '\u30AE' cannot be represented in the current code page (1252)
C:\Users\Payton\source\repos\WorkspaceMisc\WorkspaceMisc\Characters.h(396,9): warning C4566: character represented by universal-character-name '\u30B0' cannot be represented in the current code page (1252)
C:\Users\Payton\source\repos\WorkspaceMisc\WorkspaceMisc\Characters.h(397,9): warning C4566: character represented by universal-character-name '\u30B2' cannot be represented in the current code page (1252)
C:\Users\Payton\source\repos\WorkspaceMisc\WorkspaceMisc\Characters.h(398,9): warning C4566: character represented by universal-character-name '\u30B4' cannot be represented in the current code page (1252)
C:\Users\Payton\source\repos\WorkspaceMisc\WorkspaceMisc\Characters.h(399,9): warning C4566: character represented by universal-character-name '\u30B6' cannot be represented in the current code page (1252)
C:\Users\Payton\source\repos\WorkspaceMisc\WorkspaceMisc\Characters.h(400,9): warning C4566: character represented by universal-character-name '\u30B8' cannot be represented in the current code page (1252)
C:\Users\Payton\source\repos\WorkspaceMisc\WorkspaceMisc\Characters.h(401,9): warning C4566: character represented by universal-character-name '\u30BA' cannot be represented in the current code page (1252)
C:\Users\Payton\source\repos\WorkspaceMisc\WorkspaceMisc\Characters.h(402,9): warning C4566: character represented by universal-character-name '\u30BC' cannot be represented in the current code page (1252)
C:\Users\Payton\source\repos\WorkspaceMisc\WorkspaceMisc\Characters.h(403,9): warning C4566: character represented by universal-character-name '\u30BE' cannot be represented in the current code page (1252)
C:\Users\Payton\source\repos\WorkspaceMisc\WorkspaceMisc\Characters.h(404,9): warning C4566: character represented by universal-character-name '\u30C0' cannot be represented in the current code page (1252)
C:\Users\Payton\source\repos\WorkspaceMisc\WorkspaceMisc\Characters.h(405,9): warning C4566: character represented by universal-character-name '\u30C2' cannot be represented in the current code page (1252)
C:\Users\Payton\source\repos\WorkspaceMisc\WorkspaceMisc\Characters.h(406,9): warning C4566: character represented by universal-character-name '\u30C5' cannot be represented in the current code page (1252)
C:\Users\Payton\source\repos\WorkspaceMisc\WorkspaceMisc\Characters.h(407,9): warning C4566: character represented by universal-character-name '\u30C7' cannot be represented in the current code page (1252)
C:\Users\Payton\source\repos\WorkspaceMisc\WorkspaceMisc\Characters.h(408,9): warning C4566: character represented by universal-character-name '\u30C9' cannot be represented in the current code page (1252)
C:\Users\Payton\source\repos\WorkspaceMisc\WorkspaceMisc\Characters.h(409,9): warning C4566: character represented by universal-character-name '\u30D0' cannot be represented in the current code page (1252)
C:\Users\Payton\source\repos\WorkspaceMisc\WorkspaceMisc\Characters.h(410,9): warning C4566: character represented by universal-character-name '\u30D3' cannot be represented in the current code page (1252)
C:\Users\Payton\source\repos\WorkspaceMisc\WorkspaceMisc\Characters.h(411,9): warning C4566: character represented by universal-character-name '\u30D6' cannot be represented in the current code page (1252)
C:\Users\Payton\source\repos\WorkspaceMisc\WorkspaceMisc\Characters.h(412,9): warning C4566: character represented by universal-character-name '\u30D9' cannot be represented in the current code page (1252)
C:\Users\Payton\source\repos\WorkspaceMisc\WorkspaceMisc\Characters.h(413,9): warning C4566: character represented by universal-character-name '\u30DC' cannot be represented in the current code page (1252)
C:\Users\Payton\source\repos\WorkspaceMisc\WorkspaceMisc\Characters.h(414,9): warning C4566: character represented by universal-character-name '\u30D1' cannot be represented in the current code page (1252)
C:\Users\Payton\source\repos\WorkspaceMisc\WorkspaceMisc\Characters.h(415,9): warning C4566: character represented by universal-character-name '\u30D4' cannot be represented in the current code page (1252)
C:\Users\Payton\source\repos\WorkspaceMisc\WorkspaceMisc\Characters.h(416,9): warning C4566: character represented by universal-character-name '\u30D7' cannot be represented in the current code page (1252)
C:\Users\Payton\source\repos\WorkspaceMisc\WorkspaceMisc\Characters.h(417,9): warning C4566: character represented by universal-character-name '\u30DA' cannot be represented in the current code page (1252)
C:\Users\Payton\source\repos\WorkspaceMisc\WorkspaceMisc\Characters.h(418,9): warning C4566: character represented by universal-character-name '\u30DD' cannot be represented in the current code page (1252)
C:\Users\Payton\source\repos\WorkspaceMisc\WorkspaceMisc\Characters.h(419,9): warning C4566: character represented by universal-character-name '\u30C3' cannot be represented in the current code page (1252)
C:\Users\Payton\source\repos\WorkspaceMisc\WorkspaceMisc\Characters.h(432,9): warning C4566: character represented by universal-character-name '\u3002' cannot be represented in the current code page (1252)
C:\Users\Payton\source\repos\WorkspaceMisc\WorkspaceMisc\Characters.h(433,9): warning C4566: character represented by universal-character-name '\u30FC' cannot be represented in the current code page (1252)
C:\Users\Payton\source\repos\WorkspaceMisc\WorkspaceMisc\Characters.h(434,9): warning C4566: character represented by universal-character-name '\u30FB' cannot be represented in the current code page (1252)
C:\Users\Payton\source\repos\WorkspaceMisc\WorkspaceMisc\Characters.h(435,9): warning C4566: character represented by universal-character-name '\u30FB' cannot be represented in the current code page (1252)
C:\Users\Payton\source\repos\WorkspaceMisc\WorkspaceMisc\Characters.h(436,9): warning C4566: character represented by universal-character-name '\u300E' cannot be represented in the current code page (1252)
C:\Users\Payton\source\repos\WorkspaceMisc\WorkspaceMisc\Characters.h(437,9): warning C4566: character represented by universal-character-name '\u300F' cannot be represented in the current code page (1252)
C:\Users\Payton\source\repos\WorkspaceMisc\WorkspaceMisc\Characters.h(438,9): warning C4566: character represented by universal-character-name '\u300C' cannot be represented in the current code page (1252)
C:\Users\Payton\source\repos\WorkspaceMisc\WorkspaceMisc\Characters.h(439,9): warning C4566: character represented by universal-character-name '\u300D' cannot be represented in the current code page (1252)
C:\Users\Payton\source\repos\WorkspaceMisc\WorkspaceMisc\Characters.h(440,9): warning C4566: character represented by universal-character-name '\u2642' cannot be represented in the current code page (1252)
C:\Users\Payton\source\repos\WorkspaceMisc\WorkspaceMisc\Characters.h(441,9): warning C4566: character represented by universal-character-name '\u2640' cannot be represented in the current code page (1252)
C:\Users\Payton\source\repos\WorkspaceMisc\WorkspaceMisc\Characters.h(442,9): warning C4566: character represented by universal-character-name '\u5186' cannot be represented in the current code page (1252)
C:\Users\Payton\source\repos\WorkspaceMisc\WorkspaceMisc\Characters.h(498,9): warning C4566: character represented by universal-character-name '\u25B6' cannot be represented in the current code page (1252)
C:\Users\Payton\source\repos\WorkspaceMisc\WorkspaceMisc\Characters.h(506,9): warning C4566: character represented by universal-character-name '\u2B06' cannot be represented in the current code page (1252)
C:\Users\Payton\source\repos\WorkspaceMisc\WorkspaceMisc\Characters.h(507,9): warning C4566: character represented by universal-character-name '\u2B07' cannot be represented in the current code page (1252)
C:\Users\Payton\source\repos\WorkspaceMisc\WorkspaceMisc\Characters.h(508,9): warning C4566: character represented by universal-character-name '\u2B05' cannot be represented in the current code page (1252)
C:\Users\Payton\source\repos\WorkspaceMisc\WorkspaceMisc\Characters.h(523,21): warning C4018: '<': signed/unsigned mismatch
C:\Users\Payton\source\repos\WorkspaceMisc\WorkspaceMisc\Characters.h(529,21): warning C4018: '<': signed/unsigned mismatch
C:\Users\Payton\source\repos\WorkspaceMisc\WorkspaceMisc\Pokemon.cpp(116,20): warning C4018: '<': signed/unsigned mismatch
C:\Users\Payton\source\repos\WorkspaceMisc\WorkspaceMisc\Pokemon.cpp(123,20): warning C4018: '<': signed/unsigned mismatch
C:\Users\Payton\source\repos\WorkspaceMisc\WorkspaceMisc\Pokemon.cpp(140,20): warning C4018: '<': signed/unsigned mismatch
C:\Users\Payton\source\repos\WorkspaceMisc\WorkspaceMisc\Pokemon.cpp(148,20): warning C4018: '<': signed/unsigned mismatch
  Pokemon.h
  main.cpp
C:\Users\Payton\source\repos\WorkspaceMisc\WorkspaceMisc\PID.h(34,10): warning C4566: character represented by universal-character-name '\u2640' cannot be represented in the current code page (1252)
C:\Users\Payton\source\repos\WorkspaceMisc\WorkspaceMisc\PID.h(37,10): warning C4566: character represented by universal-character-name '\u2642' cannot be represented in the current code page (1252)
  Generating Code...
C:\Users\Payton\source\repos\WorkspaceMisc\WorkspaceMisc\Characters.h(535): warning C4715: 'convertText': not all control paths return a value
  WorkspaceMisc.vcxproj -> C:\Users\Payton\source\repos\WorkspaceMisc\Debug\WorkspaceMisc.exe
